<?xml version="1.0" encoding="utf-8"?><testsuites name="pytest tests"><testsuite name="pytest" errors="0" failures="0" skipped="0" tests="4" time="2.095" timestamp="2026-09-06T16:02:24.338874+00:00" hostname="agent-env-683d14ee-1e45-4f42-bd9b-c41cc378f4aa"><testcase classname="tests.test_iteration7" name="test_auth_me" time="0.350" /><testcase classname="tests.test_iteration7" name="test_list_conversations_has_pipeline" time="0.124" /><testcase classname="tests.test_iteration7" name="test_favorite_toggle" time="0.409" /><testcase classname="tests.test_iteration7" name="test_conversation_detail" time="0.278" /></testsuite></testsuites>