<?xml version="1.0" encoding="utf-8"?><testsuites name="pytest tests"><testsuite name="pytest" errors="0" failures="0" skipped="0" tests="8" time="36.961" timestamp="2026-09-06T14:31:09.915513+00:00" hostname="agent-env-683d14ee-1e45-4f42-bd9b-c41cc378f4aa"><testcase classname="tests.test_iteration3" name="test_task_todo_with_datetime_goes_to_tasks" time="12.947" /><testcase classname="tests.test_iteration3" name="test_conv_threading_context_recall" time="5.128" /><testcase classname="tests.test_iteration3" name="test_get_conversation_returns_messages" time="3.560" /><testcase classname="tests.test_iteration3" name="test_second_turn_does_not_duplicate_task" time="14.582" /><testcase classname="tests.test_iteration3" name="test_patch_task_notes_persists" time="0.354" /><testcase classname="tests.test_iteration3" name="test_patch_todo_notes_persists" time="0.322" /><testcase classname="tests.test_iteration3" name="test_reminders_loop_source_exists" time="0.000" /><testcase classname="tests.test_iteration3" name="test_telegram_voice_handler_registered" time="0.001" /></testsuite></testsuites>