<?xml version="1.0" encoding="utf-8"?><testsuites name="pytest tests"><testsuite name="pytest" errors="0" failures="0" skipped="0" tests="11" time="25.440" timestamp="2026-09-06T17:02:36.375710+00:00" hostname="agent-env-683d14ee-1e45-4f42-bd9b-c41cc378f4aa"><testcase classname="tests.test_iteration8" name="test_auth_me" time="0.798" /><testcase classname="tests.test_iteration8" name="test_chat_action_journal_creates_entry" time="4.407" /><testcase classname="tests.test_iteration8" name="test_journal_filter_by_mood" time="0.075" /><testcase classname="tests.test_iteration8" name="test_journal_search_q" time="0.064" /><testcase classname="tests.test_iteration8" name="test_journal_trend_7_days" time="0.108" /><testcase classname="tests.test_iteration8" name="test_info_request_scope_all_sees_task_and_journal" time="8.400" /><testcase classname="tests.test_iteration8" name="test_info_request_default_scope_kb_no_task_hit" time="4.174" /><testcase classname="tests.test_iteration8" name="test_action_task_todo_still_works" time="2.843" /><testcase classname="tests.test_iteration8" name="test_action_info_upload_still_works" time="2.811" /><testcase classname="tests.test_iteration8" name="test_voice_transcribe_endpoint_present" time="0.976" /><testcase classname="tests.test_iteration8" name="test_voice_transcribe_requires_auth" time="0.161" /></testsuite></testsuites>