<?xml version="1.0" encoding="utf-8"?><testsuites name="pytest tests"><testsuite name="pytest" errors="0" failures="0" skipped="0" tests="9" time="3.690" timestamp="2026-09-06T14:11:52.094037+00:00" hostname="agent-env-683d14ee-1e45-4f42-bd9b-c41cc378f4aa"><testcase classname="tests.test_iteration2" name="test_integrations_status_shape" time="0.718" /><testcase classname="tests.test_iteration2" name="test_integrations_status_unauth" time="0.136" /><testcase classname="tests.test_iteration2" name="test_google_authorize_not_configured" time="0.067" /><testcase classname="tests.test_iteration2" name="test_telegram_link_code_and_invalidation" time="0.925" /><testcase classname="tests.test_iteration2" name="test_telegram_disconnect" time="0.064" /><testcase classname="tests.test_iteration2" name="test_voice_transcribe" time="0.926" /><testcase classname="tests.test_iteration2" name="test_task_calendar_sync_without_google" time="0.221" /><testcase classname="tests.test_iteration2" name="test_patch_missing_task_returns_404" time="0.063" /><testcase classname="tests.test_iteration2" name="test_delete_missing_task_returns_404" time="0.062" /></testsuite></testsuites>