<?xml version="1.0" encoding="utf-8"?><testsuites name="pytest tests"><testsuite name="pytest" errors="0" failures="0" skipped="0" tests="9" time="1.205" timestamp="2026-09-06T14:36:45.879861+00:00" hostname="agent-env-683d14ee-1e45-4f42-bd9b-c41cc378f4aa"><testcase classname="tests.test_iteration4" name="test_favorite_toggle" time="0.410" /><testcase classname="tests.test_iteration4" name="test_favorite_unknown_conv_returns_404" time="0.065" /><testcase classname="tests.test_iteration4" name="test_favorite_cross_user_returns_404" time="0.069" /><testcase classname="tests.test_iteration4" name="test_delete_conversation" time="0.129" /><testcase classname="tests.test_iteration4" name="test_delete_unknown_returns_404" time="0.065" /><testcase classname="tests.test_iteration4" name="test_delete_cross_user_returns_404" time="0.064" /><testcase classname="tests.test_iteration4" name="test_list_favorite_filter" time="0.135" /><testcase classname="tests.test_iteration4" name="test_favorite_filter_user_isolation" time="0.066" /><testcase classname="tests.test_iteration4" name="test_fiscal_code_conv_still_exists" time="0.066" /></testsuite></testsuites>