<?xml version="1.0" encoding="utf-8"?><testsuites name="pytest tests"><testsuite name="pytest" errors="0" failures="0" skipped="1" tests="8" time="29.514" timestamp="2026-09-06T15:24:31.666067+00:00" hostname="agent-env-683d14ee-1e45-4f42-bd9b-c41cc378f4aa"><testcase classname="tests.test_iteration5" name="test_info_upload_clean_stream_and_embedding" time="8.188" /><testcase classname="tests.test_iteration5" name="test_semantic_retrieval_wifi" time="9.871" /><testcase classname="tests.test_iteration5" name="test_task_todo_clean_and_task_created" time="6.533"><skipped type="pytest.skip" message="No task created; meta={'title': 'Comprare fiori TEST_743de8', 'description': '', 'due_date': None, 'due_time': '10:00', 'priority': 'media', 'tags': ['personale'], 'notes': 'Giorno indicato: sabato (data esatta da confermare)'}">/app/backend/tests/test_iteration5.py:136: No task created; meta={'title': 'Comprare fiori TEST_743de8', 'description': '', 'due_date': None, 'due_time': '10:00', 'priority': 'media', 'tags': ['personale'], 'notes': 'Giorno indicato: sabato (data esatta da confermare)'}</skipped></testcase><testcase classname="tests.test_iteration5" name="test_task_chat_meta_stripped" time="1.594" /><testcase classname="tests.test_iteration5" name="test_todo_chat_meta_stripped" time="1.812" /><testcase classname="tests.test_iteration5" name="test_profile_patch_and_me" time="0.135" /><testcase classname="tests.test_iteration5" name="test_onboarding_accepts_addresses" time="0.070" /><testcase classname="tests.test_iteration5" name="test_attachments_upload_no_google_returns_400" time="0.194" /></testsuite></testsuites>