<?xml version="1.0" encoding="utf-8"?><testsuites name="pytest tests"><testsuite name="pytest" errors="0" failures="0" skipped="0" tests="11" time="2.798" timestamp="2026-09-06T18:14:46.523451+00:00" hostname="agent-env-683d14ee-1e45-4f42-bd9b-c41cc378f4aa"><testcase classname="tests.test_admin_users_lifecycle.TestAdminAuth" name="test_admin_endpoints_reject_non_admin" time="0.261" /><testcase classname="tests.test_admin_users_lifecycle.TestAdminAuth" name="test_admin_endpoints_reject_missing_auth" time="0.120" /><testcase classname="tests.test_admin_users_lifecycle.TestAdminAuth" name="test_admin_list_users_ok" time="0.175" /><testcase classname="tests.test_admin_users_lifecycle.TestRevoke" name="test_revoke_marks_user_and_removes_sessions_and_whitelist" time="0.148" /><testcase classname="tests.test_admin_users_lifecycle.TestRevoke" name="test_revoke_admin_forbidden" time="0.204" /><testcase classname="tests.test_admin_users_lifecycle.TestRevoke" name="test_revoke_unknown_user_404" time="0.137" /><testcase classname="tests.test_admin_users_lifecycle.TestRestore" name="test_restore_reinstates_whitelist_and_clears_revoked" time="0.398" /><testcase classname="tests.test_admin_users_lifecycle.TestDelete" name="test_delete_wipes_all_user_data" time="0.366" /><testcase classname="tests.test_admin_users_lifecycle.TestDelete" name="test_delete_admin_forbidden" time="0.119" /><testcase classname="tests.test_admin_users_lifecycle.TestDelete" name="test_delete_unknown_404" time="0.149" /><testcase classname="tests.test_admin_users_lifecycle.TestFullLifecycle" name="test_create_revoke_restore_revoke_delete" time="0.588" /></testsuite></testsuites>